17:21:12.723 [main] INFO  org.testng.annotations.Test - ****** finished TC_046 Loan Amount Tenure Input Field ******
17:21:13.057 [main] INFO  org.testng.annotations.Test - ****** Starting TC_047 Loan Amount Tenure Month Button ******
17:21:16.549 [main] INFO  org.testng.annotations.Test - ****** finished TC_047 Loan Amount Tenure Month Button ******
17:21:16.757 [main] INFO  org.testng.annotations.Test - ****** Starting TC_048 Loan Amount Loan Charges Input Field ******
17:21:16.794 [main] INFO  org.testng.annotations.Test - ****** finished TC_048 Loan Amount Loan Charges Input Field ******
17:21:17.208 [main] INFO  org.testng.annotations.Test - ****** Starting TC_049 Loan Amount Loan Charges Input Field ******
17:21:17.748 [main] INFO  org.testng.annotations.Test - ****** finished TC_049 Loan Amount Loan Charges Input Field ******
17:21:18.020 [main] INFO  org.testng.annotations.Test - ****** Starting TC_050 Loan Tenure Calculator Link ******
17:21:18.337 [main] INFO  org.testng.annotations.Test - ****** finished TC_048 Loan Tenure Calculator Link ******
17:21:18.676 [main] INFO  org.testng.annotations.Test - ****** Starting TC_051 Loan Tenure Loan Amount Input Field ******
17:21:18.716 [main] INFO  org.testng.annotations.Test - ****** finished TC_051 Loan Tenure Loan Amount Input Field ******
17:21:19.157 [main] INFO  org.testng.annotations.Test - ****** Starting TC_052 Loan Tenure Loan Amount Input Field ******
17:21:19.724 [main] INFO  org.testng.annotations.Test - ****** finished TC_052 Loan Tenure Loan Amount Input Field ******
17:21:20.012 [main] INFO  org.testng.annotations.Test - ****** Starting TC_053 Loan Tenure EMI Input Field ******
17:21:20.072 [main] INFO  org.testng.annotations.Test - ****** finished TC_053 Loan Tenure EMI Input Field ******
17:21:20.350 [main] INFO  org.testng.annotations.Test - ****** Starting TC_054 Loan Tenure Interest Rate Input Field ******
17:21:20.390 [main] INFO  org.testng.annotations.Test - ****** finished TC_054 Loan Tenure Interest Rate Input Field ******
17:21:20.750 [main] INFO  org.testng.annotations.Test - ****** Starting TC_055 Loan Tenure Interest Rate Input Field ******
17:21:21.337 [main] INFO  org.testng.annotations.Test - ****** finished TC_055 Loan Tenure Interest Rate Input Field ******
17:21:21.593 [main] INFO  org.testng.annotations.Test - ****** Starting TC_056 Loan Tenure Loan Charges Input Field ******
17:21:21.654 [main] INFO  org.testng.annotations.Test - ****** finished TC_056 Loan Tenure Loan Charges Input Field ******
17:21:22.014 [main] INFO  org.testng.annotations.Test - ****** Starting TC_57 Loan Tenure Loan Charges Input Field ******
17:21:22.558 [main] INFO  org.testng.annotations.Test - ****** finished TC_057 Loan Tenure Loan Charges Input Field ******
18:01:13.962 [main] INFO  org.testng.annotations.Test - ****** Starting TC_001 Car Loan Link Element ******
18:01:14.051 [main] INFO  org.testng.annotations.Test - Clicking on the Car Loan Link
18:01:14.646 [main] INFO  org.testng.annotations.Test - ****** finished TC_001 Car Loan Link Element ******
18:01:17.664 [main] INFO  org.testng.annotations.Test - ****** Starting TC_002 Car Amount Slider Element ******
18:01:17.664 [main] INFO  org.testng.annotations.Test - Entering Data into Car Amount Input Field
18:01:18.598 [main] INFO  org.testng.annotations.Test - ****** finished TC_002 Car Amount Slider Element ******
18:01:19.396 [main] INFO  org.testng.annotations.Test - ****** Starting TC_003 Car Interest Slider Element ******
18:01:19.397 [main] INFO  org.testng.annotations.Test - Entering Data into Car Interest Input Field
18:01:20.163 [main] INFO  org.testng.annotations.Test - ****** finished TC_003 Car Interest Slider Element ******
18:01:21.233 [main] INFO  org.testng.annotations.Test - ****** Starting TC_004 Car Loan Tenure Slider Element ******
18:01:21.233 [main] INFO  org.testng.annotations.Test - Entering Data into  Loan Tenure Input Field
18:01:21.896 [main] INFO  org.testng.annotations.Test - ****** finished TC_004 Car Loan Tenure Slider Element ******
